<?xml version="1.0" encoding="UTF-8"?>
<!-- Generated by org.testng.reporters.JUnitReportReporter -->
<testsuite hostname="DESKTOP-DHGB96Q" failures="0" tests="3" name="sanity.Todo" time="65.756" errors="0" timestamp="2024-12-20T12:14:19 IST" skipped="0">
  <testcase classname="sanity.Todo" name="test01_addAndVerifyNewTask" time="11.919"/>
  <system-out/>
  <testcase classname="sanity.Todo" name="test02_deleteTask" time="27.002"/>
  <system-out/>
  <testcase classname="sanity.Todo" name="test03_addAndVerifyTasks" time="26.835"/>
  <system-out/>
</testsuite> <!-- sanity.Todo -->
