<?xml version="1.0" encoding="UTF-8"?>
<!-- Generated by org.testng.reporters.JUnitReportReporter -->
<testsuite hostname="DESKTOP-DHGB96Q" failures="0" tests="4" name="sanity.SauceDemoWebTestLogin" time="32.899" errors="0" timestamp="2024-12-20T12:14:22 IST" skipped="0">
  <testcase classname="sanity.SauceDemoWebTestLogin" name="test9_verifyLogInErrors" time="2.902"/>
  <system-out/>
  <testcase classname="sanity.SauceDemoWebTestLogin" name="test9_verifyLogInErrors" time="3.883"/>
  <system-out/>
  <testcase classname="sanity.SauceDemoWebTestLogin" name="test9_verifyLogInErrors" time="10.190"/>
  <system-out/>
  <testcase classname="sanity.SauceDemoWebTestLogin" name="test9_verifyLogInErrors" time="15.924"/>
  <system-out/>
</testsuite> <!-- sanity.SauceDemoWebTestLogin -->
