<?xml version="1.0" encoding="UTF-8"?>
<!-- Generated by org.testng.reporters.JUnitReportReporter -->
<testsuite hostname="DESKTOP-DHGB96Q" failures="0" tests="4" name="sanity.SauceDemoWebTestLogin" time="48.089" errors="0" timestamp="2024-04-26T20:05:48 IDT" skipped="0">
  <testcase classname="sanity.SauceDemoWebTestLogin" name="test9_verifyLogInErrors" time="28.029"/>
  <system-out/>
  <testcase classname="sanity.SauceDemoWebTestLogin" name="test9_verifyLogInErrors" time="7.434"/>
  <system-out/>
  <testcase classname="sanity.SauceDemoWebTestLogin" name="test9_verifyLogInErrors" time="6.010"/>
  <system-out/>
  <testcase classname="sanity.SauceDemoWebTestLogin" name="test9_verifyLogInErrors" time="6.616"/>
  <system-out/>
</testsuite> <!-- sanity.SauceDemoWebTestLogin -->
